<?xml version="1.0" encoding="UTF-8"?>
<!-- Generated by org.testng.reporters.JUnitXMLReporter -->
<testsuite hostname="INGUEUCLP000666" ignored="1" name="Default test" tests="1" failures="0" timestamp="26 Nov 2018 11:04:47 GMT" time="22.666" errors="0">
  <testcase name="skipTest" time="0.014" classname="com.nisum.testCases.TestScenario">
    <skipped/>
  </testcase> <!-- skipTest -->
  <testcase name="ScenarioTest" time="0.0" classname="com.nisum.testCases.TestScenario">
    <ignored/>
  </testcase> <!-- ScenarioTest -->
</testsuite> <!-- Default test -->
