<?xml version="1.0" encoding="UTF-8"?>
<testng-results skipped="0" failed="0" ignored="0" total="1" passed="1">
  <reporter-output>
  </reporter-output>
  <suite name="Nisum Scenario Test Suite" duration-ms="176781" started-at="2018-09-27T10:28:56Z" finished-at="2018-09-27T10:31:53Z">
    <groups>
    </groups>
    <test name="Nisum Test" duration-ms="176781" started-at="2018-09-27T10:28:56Z" finished-at="2018-09-27T10:31:53Z">
      <class name="com.nisum.testCases.TestScenario">
        <test-method status="PASS" signature="setUp()[pri:0, instance:com.nisum.testCases.TestScenario@5d0a1059]" name="setUp" is-config="true" duration-ms="38047" started-at="2018-09-27T10:28:56Z" finished-at="2018-09-27T10:29:34Z">
          <reporter-output>
          </reporter-output>
        </test-method> <!-- setUp -->
        <test-method status="PASS" signature="ScenarioTest()[pri:0, instance:com.nisum.testCases.TestScenario@5d0a1059]" name="ScenarioTest" duration-ms="135986" started-at="2018-09-27T10:29:35Z" finished-at="2018-09-27T10:31:51Z">
          <reporter-output>
          </reporter-output>
        </test-method> <!-- ScenarioTest -->
        <test-method status="PASS" signature="endTest()[pri:0, instance:com.nisum.testCases.TestScenario@5d0a1059]" name="endTest" is-config="true" duration-ms="2677" started-at="2018-09-27T10:31:51Z" finished-at="2018-09-27T10:31:53Z">
          <reporter-output>
          </reporter-output>
        </test-method> <!-- endTest -->
      </class> <!-- com.nisum.testCases.TestScenario -->
    </test> <!-- Nisum Test -->
  </suite> <!-- Nisum Scenario Test Suite -->
</testng-results>
