<?xml version="1.0" encoding="UTF-8"?>
<testng-results skipped="0" failed="0" ignored="0" total="1" passed="1">
  <reporter-output>
  </reporter-output>
  <suite name="Default suite" duration-ms="184277" started-at="2018-09-28T06:16:18Z" finished-at="2018-09-28T06:19:22Z">
    <groups>
    </groups>
    <test name="Default test" duration-ms="184277" started-at="2018-09-28T06:16:18Z" finished-at="2018-09-28T06:19:22Z">
      <class name="com.nisum.testCases.TestScenario">
        <test-method status="PASS" signature="setUp()[pri:0, instance:com.nisum.testCases.TestScenario@5d0a1059]" name="setUp" is-config="true" duration-ms="24224" started-at="2018-09-28T06:16:18Z" finished-at="2018-09-28T06:16:42Z">
          <reporter-output>
          </reporter-output>
        </test-method> <!-- setUp -->
        <test-method status="PASS" signature="ScenarioTest()[pri:0, instance:com.nisum.testCases.TestScenario@5d0a1059]" name="ScenarioTest" duration-ms="157542" started-at="2018-09-28T06:16:42Z" finished-at="2018-09-28T06:19:20Z">
          <reporter-output>
          </reporter-output>
        </test-method> <!-- ScenarioTest -->
        <test-method status="PASS" signature="endTest()[pri:0, instance:com.nisum.testCases.TestScenario@5d0a1059]" name="endTest" is-config="true" duration-ms="2449" started-at="2018-09-28T06:19:20Z" finished-at="2018-09-28T06:19:22Z">
          <reporter-output>
          </reporter-output>
        </test-method> <!-- endTest -->
      </class> <!-- com.nisum.testCases.TestScenario -->
    </test> <!-- Default test -->
  </suite> <!-- Default suite -->
</testng-results>
